make all --print-data-base --no-builtin-variables --no-builtin-rules --question
# GNU Make 4.3
# Built for x86_64-pc-linux-gnu
# Copyright (C) 1988-2020 Free Software Foundation, Inc.
# License GPLv3+: GNU GPL version 3 or later <http://gnu.org/licenses/gpl.html>
# This is free software: you are free to change and redistribute it.
# There is NO WARRANTY, to the extent permitted by law.

# Make data base, printed on Sat Aug 30 21:29:43 2025

# Variables

# environment
GDK_BACKEND = x11
# environment
LC_ALL = C
# makefile (from 'Makefile', line 10)
OBJDIR = obj
# environment
VSCODE_CRASH_REPORTER_PROCESS_TYPE = extensionHost
# environment
VSCODE_CWD = /home/tari
# environment
GDM_LANG = pt_BR
# default
MAKE_COMMAND := make
# environment
GTK3_MODULES = xapp-gtk3-module
# environment
QT_ACCESSIBILITY = 1
# automatic
@D = $(patsubst %/,%,$(dir $@))
# environment
VSCODE_HANDLES_UNCAUGHT_ERRORS = true
# default
.VARIABLES := 
# environment
PWD = /home/tari/Documentos/Faculdade/PTR/Trabalho 1
# automatic
%D = $(patsubst %/,%,$(dir $%))
# environment
XDG_DATA_DIRS = /usr/share/xfce4:/home/tari/.local/share/flatpak/exports/share:/var/lib/flatpak/exports/share:/usr/local/share:/usr/share
# automatic
^D = $(patsubst %/,%,$(dir $^))
# automatic
%F = $(notdir $%)
# environment
VSCODE_CODE_CACHE_PATH = /home/tari/.config/Code/CachedData/6f17636121051a53c88d3e605c491d22af2ba755
# environment
XDG_SESSION_PATH = /org/freedesktop/DisplayManager/Session0
# environment
LANG = C
# environment
XAUTHORITY = /home/tari/.Xauthority
# default
.LOADED := 
# default
.INCLUDE_DIRS = /usr/local/include /usr/include /usr/include
# makefile
MAKEFLAGS = pqrR
# makefile
CURDIR := /home/tari/Documentos/Faculdade/PTR/Trabalho 1
# environment
APPLICATION_INSIGHTS_NO_DIAGNOSTIC_CHANNEL = true
# environment
LESSOPEN = | /usr/bin/lesspipe %s
# automatic
*D = $(patsubst %/,%,$(dir $*))
# environment
MFLAGS = -pqrR
# environment
SSH_AUTH_SOCK = /tmp/ssh-moE6d5sP0QzI/agent.1798
# default
.SHELLFLAGS := -c
# environment
XDG_CONFIG_DIRS = /etc/xdg/xdg-xfce:/etc/xdg
# automatic
+D = $(patsubst %/,%,$(dir $+))
# environment
XDG_SESSION_DESKTOP = xfce
# makefile (from 'Makefile', line 1)
MAKEFILE_LIST := Makefile
# automatic
@F = $(notdir $@)
# environment
VSCODE_PID = 3264
# environment
XDG_SESSION_TYPE = x11
# automatic
?D = $(patsubst %/,%,$(dir $?))
# environment
CLUTTER_BACKEND = x11
# environment
SESSION_MANAGER = local/tari-LOQ-15IRH8:@/tmp/.ICE-unix/1547,unix/tari-LOQ-15IRH8:/tmp/.ICE-unix/1547
# automatic
*F = $(notdir $*)
# environment
CHROME_DESKTOP = code.desktop
# environment
DBUS_SESSION_BUS_ADDRESS = unix:path=/run/user/1000/bus
# automatic
<D = $(patsubst %/,%,$(dir $<))
# environment
VSCODE_NLS_CONFIG = {"userLocale":"pt-br","osLocale":"pt-br","resolvedLanguage":"pt-br","defaultMessagesFile":"/usr/share/code/resources/app/out/nls.messages.json","languagePack":{"translationsConfigFile":"/home/tari/.config/Code/clp/52d6c6e8064737578a19877953f6cd14.pt-br/tcf.json","messagesFile":"/home/tari/.config/Code/clp/52d6c6e8064737578a19877953f6cd14.pt-br/6f17636121051a53c88d3e605c491d22af2ba755/nls.messages.json","corruptMarkerFile":"/home/tari/.config/Code/clp/52d6c6e8064737578a19877953f6cd14.pt-br/corrupted.info"},"locale":"pt-br","availableLanguages":{"*":"pt-br"},"_languagePackId":"52d6c6e8064737578a19877953f6cd14.pt-br","_languagePackSupport":true,"_translationsConfigFile":"/home/tari/.config/Code/clp/52d6c6e8064737578a19877953f6cd14.pt-br/tcf.json","_cacheRoot":"/home/tari/.config/Code/clp/52d6c6e8064737578a19877953f6cd14.pt-br","_resolvedLanguagePackCoreLocation":"/home/tari/.config/Code/clp/52d6c6e8064737578a19877953f6cd14.pt-br/6f17636121051a53c88d3e605c491d22af2ba755","_corruptedFile":"/home/tari/.config/Code/clp/52d6c6e8064737578a19877953f6cd14.pt-br/corrupted.info"}
# default
MAKE_HOST := x86_64-pc-linux-gnu
# makefile
SHELL = /bin/sh
# default
MAKECMDGOALS := all
# environment
SHLVL = 0
# environment
MAKELEVEL := 0
# default
MAKE = $(MAKE_COMMAND)
# environment
PATH = /usr/local/sbin:/usr/local/bin:/usr/sbin:/usr/bin:/sbin:/bin:/usr/games:/usr/local/games:/snap/bin
# default
MAKEFILES := 
# environment
LANGUAGE = pt_BR:pt:en
# automatic
^F = $(notdir $^)
# environment
COMPIZ_CONFIG_PROFILE = mint
# environment
LESSCLOSE = /usr/bin/lesspipe %s %s
# automatic
?F = $(notdir $?)
# environment
XDG_SEAT = seat0
# environment
XDG_CURRENT_DESKTOP = XFCE
# automatic
+F = $(notdir $+)
# environment
XDG_SEAT_PATH = /org/freedesktop/DisplayManager/Seat0
# environment
DESKTOP_SESSION = xfce
# environment
ORIGINAL_XDG_CURRENT_DESKTOP = XFCE
# makefile (from 'Makefile', line 17)
OBJECTS = $(patsubst $(SRCDIR)/*.c, $(OBJDIR)/%.o, $(SOURCES))
# 'override' directive
GNUMAKEFLAGS := 
# environment
LOGNAME = tari
# environment
XDG_VTNR = 7
# makefile
.DEFAULT_GOAL := all
# environment
DISPLAY = :0.0
# environment
USER = tari
# environment
GTK_MODULES = gail:atk-bridge
# default
MAKE_VERSION := 4.3
# makefile (from 'Makefile', line 6)
LDFLAGS = -lm
# environment
SSH_AGENT_PID = 1799
# environment
_ = /usr/share/code/code
# environment
XDG_RUNTIME_DIR = /run/user/1000
# makefile (from 'Makefile', line 5)
CFLAGS = -Wall -Wextra -g -std=c17 -Iinclude
# environment
XDG_SESSION_CLASS = user
# environment
HOME = /home/tari
# environment
ELECTRON_RUN_AS_NODE = 1
# environment
VSCODE_IPC_HOOK = /run/user/1000/vscode-7a979707-1.10-main.sock
# makefile (from 'Makefile', line 9)
SRCDIR = src
# environment
XDG_SESSION_ID = c2
# environment
PANEL_GDK_CORE_DEVICE_EVENTS = 0
# default
.RECIPEPREFIX := 
# automatic
<F = $(notdir $<)
 
# default
SUFFIXES := 
# makefile (from 'Makefile', line 13)
TARGET = main
# environment
XDG_GREETER_DATA_DIR = /var/lib/lightdm-data/tari
# default
.FEATURES := target-specific order-only second-expansion else-if shortest-stem undefine oneshell nocomment grouped-target extra-prereqs archives jobserver output-sync check-symlink load
# makefile (from 'Makefile', line 4)
CC = gcc
# makefile (from 'Makefile', line 16)
SOURCES = $(wildcard $(SRCDIR)/*.c)
# environment
XDG_MENU_PREFIX = xfce-
# environment
VSCODE_ESM_ENTRYPOINT = vs/workbench/api/node/extensionHostProcess
# environment
GDMSESSION = xfce
# variable set hash-table stats:
# Load=97/1024=9%, Rehash=0, Collisions=3/136=2%

# Pattern-specific Variable Values

# No pattern-specific variable values.

# Directories

# src (device 66309, inode 7110322): 5 files, no impossibilities.
# . (device 66309, inode 7084480): 7 files, no impossibilities.

# 12 files, no impossibilities in 2 directories.

# Implicit Rules

obj/%.o: src/%.c
#  recipe to execute (from 'Makefile', line 34):
	@mkdir -p $(OBJDIR)
	$(CC) $(CFLAGS) -c $< -o $@

# 1 implicit rules, 0 (0.0%) terminal.
# Files

# Not a target:
Makefile:
#  Implicit rule search has been done.
#  Last modified 2025-08-27 15:05:13.889008318
#  File has been updated.
#  Successfully updated.

# Not a target:
src/matrix.c:
#  Implicit rule search has been done.
#  Last modified 2025-08-27 16:10:07.664504967
#  File has been updated.
#  Successfully updated.

clean:
#  Phony target (prerequisite of .PHONY).
#  Implicit rule search has not been done.
#  File does not exist.
#  File has not been updated.
#  recipe to execute (from 'Makefile', line 41):
	@echo "Limpando arquivos compilados..."
	rm -rf $(OBJDIR) $(TARGET)

# Not a target:
src/main.c:
#  Implicit rule search has been done.
#  Last modified 2025-08-27 16:10:54.627172754
#  File has been updated.
#  Successfully updated.

# Not a target:
.DEFAULT:
#  Implicit rule search has not been done.
#  Modification time never checked.
#  File has not been updated.

all: main
#  Phony target (prerequisite of .PHONY).
#  Command line target.
#  Implicit rule search has not been done.
#  File does not exist.
#  File has been updated.
#  Successfully updated.

run: all
#  Phony target (prerequisite of .PHONY).
#  Implicit rule search has not been done.
#  File does not exist.
#  File has not been updated.
#  recipe to execute (from 'Makefile', line 45):
	./$(TARGET)

main: src/integral.c src/main.c src/matrix.c
#  Implicit rule search has not been done.
#  Last modified 2025-08-27 16:11:00.015948851
#  File has been updated.
#  Successfully updated.
#  recipe to execute (from 'Makefile', line 28):
	$(CC) $(CFLAGS) $(OBJECTS) -o $(TARGET) $(LDFLAGS)
	@echo "Compilação finalizada! Para executar: ./$(TARGET)"

# Not a target:
src/integral.c:
#  Implicit rule search has been done.
#  Last modified 2025-08-27 16:10:37.17195734
#  File has been updated.
#  Successfully updated.

.PHONY: all clean run
#  Implicit rule search has not been done.
#  Modification time never checked.
#  File has not been updated.

# files hash-table stats:
# Load=11/1024=1%, Rehash=0, Collisions=0/31=0%
# VPATH Search Paths

# No 'vpath' search paths.

# No general ('VPATH' variable) search path.

# strcache buffers: 1 (0) / strings = 23 / storage = 193 B / avg = 8 B
# current buf: size = 8162 B / used = 193 B / count = 23 / avg = 8 B

# strcache performance: lookups = 42 / hit rate = 45%
# hash-table stats:
# Load=23/8192=0%, Rehash=0, Collisions=0/42=0%
# Finished Make data base on Sat Aug 30 21:29:43 2025

 
