make all --print-data-base --no-builtin-variables --no-builtin-rules --question
# GNU Make 4.3
# Built for x86_64-pc-linux-gnu
# Copyright (C) 1988-2020 Free Software Foundation, Inc.
# License GPLv3+: GNU GPL version 3 or later <http://gnu.org/licenses/gpl.html>
# This is free software: you are free to change and redistribute it.
# There is NO WARRANTY, to the extent permitted by law.

# Make data base, printed on Thu Sep 25 10:22:58 2025

# Variables

# environment
GDK_BACKEND = x11
# environment
MEMORY_PRESSURE_WRITE = c29tZSAyMDAwMDAgMjAwMDAwMAA=
# environment
LC_ALL = C
# environment
GNOME_SHELL_SESSION_MODE = ubuntu
# environment
FONTCONFIG_PATH = /etc/fonts
# makefile (from 'Makefile', line 10)
OBJDIR = obj
# environment
GJS_DEBUG_OUTPUT = stderr
# environment
SNAP_LAUNCHER_ARCH_TRIPLET = x86_64-linux-gnu
# environment
VSCODE_CRASH_REPORTER_PROCESS_TYPE = extensionHost
# environment
VSCODE_CWD = /home/matteo
# environment
WINDOWPATH = 2
# default
MAKE_COMMAND := make
# environment
QT_ACCESSIBILITY = 1
# automatic
@D = $(patsubst %/,%,$(dir $@))
# environment
SNAP_INSTANCE_NAME = code
# environment
GDK_PIXBUF_MODULEDIR = /snap/code/207/usr/lib/x86_64-linux-gnu/gdk-pixbuf-2.0/2.10.0/loaders
# environment
VSCODE_HANDLES_UNCAUGHT_ERRORS = true
# default
.VARIABLES := 
# environment
PWD = /home/matteo/Documentos/Faculdade/PTR/Trabalho 2
# automatic
%D = $(patsubst %/,%,$(dir $%))
# environment
XDG_DATA_DIRS = /home/matteo/snap/code/207/.local/share:/home/matteo/snap/code/207:/snap/code/207/usr/share:/usr/share/ubuntu:/usr/share/gnome:/usr/local/share/:/usr/share/:/var/lib/snapd/desktop
# environment
SNAP_EUID = 1000
# automatic
^D = $(patsubst %/,%,$(dir $^))
# automatic
%F = $(notdir $%)
# environment
VSCODE_CODE_CACHE_PATH = /home/matteo/.config/Code/CachedData/0f0d87fa9e96c856c5212fc86db137ac0d783365
# environment
LANG = C
# environment
XAUTHORITY = /run/user/1000/gdm/Xauthority
# default
.LOADED := 
# default
.INCLUDE_DIRS = /usr/local/include /usr/include /usr/include
# environment
MEMORY_PRESSURE_WATCH = /sys/fs/cgroup/user.slice/user-1000.slice/user@1000.service/session.slice/org.gnome.Shell@x11.service/memory.pressure
# makefile
MAKEFLAGS = pqrR
# makefile
CURDIR := /home/matteo/Documentos/Faculdade/PTR/Trabalho 2
# environment
LESSOPEN = | /usr/bin/lesspipe %s
# automatic
*D = $(patsubst %/,%,$(dir $*))
# environment
MFLAGS = -pqrR
# environment
SSH_AUTH_SOCK = /run/user/1000/keyring/ssh
# default
.SHELLFLAGS := -c
# environment
XDG_CONFIG_DIRS = /etc/xdg/xdg-ubuntu:/etc/xdg
# automatic
+D = $(patsubst %/,%,$(dir $+))
# environment
XDG_SESSION_DESKTOP = ubuntu
# makefile (from 'Makefile', line 1)
MAKEFILE_LIST := Makefile
# automatic
@F = $(notdir $@)
# environment
VSCODE_PID = 9281
# environment
XDG_SESSION_TYPE = x11
# automatic
?D = $(patsubst %/,%,$(dir $?))
# environment
BAMF_DESKTOP_FILE_HINT = /var/lib/snapd/desktop/applications/code_code.desktop
# environment
XDG_DATA_HOME = /home/matteo/snap/code/207/.local/share
# environment
SESSION_MANAGER = local/matteo-LOQ-15IRH8:@/tmp/.ICE-unix/3035,unix/matteo-LOQ-15IRH8:/tmp/.ICE-unix/3035
# automatic
*F = $(notdir $*)
# environment
CHROME_DESKTOP = code.desktop
# environment
DBUS_SESSION_BUS_ADDRESS = unix:path=/run/user/1000/bus
# automatic
<D = $(patsubst %/,%,$(dir $<))
# environment
VSCODE_NLS_CONFIG = {"userLocale":"pt-br","osLocale":"pt-br","resolvedLanguage":"pt-br","defaultMessagesFile":"/snap/code/207/usr/share/code/resources/app/out/nls.messages.json","languagePack":{"translationsConfigFile":"/home/matteo/.config/Code/clp/a061b0a102a6098ed4c855ec84d9d7b8.pt-br/tcf.json","messagesFile":"/home/matteo/.config/Code/clp/a061b0a102a6098ed4c855ec84d9d7b8.pt-br/0f0d87fa9e96c856c5212fc86db137ac0d783365/nls.messages.json","corruptMarkerFile":"/home/matteo/.config/Code/clp/a061b0a102a6098ed4c855ec84d9d7b8.pt-br/corrupted.info"},"locale":"pt-br","availableLanguages":{"*":"pt-br"},"_languagePackId":"a061b0a102a6098ed4c855ec84d9d7b8.pt-br","_languagePackSupport":true,"_translationsConfigFile":"/home/matteo/.config/Code/clp/a061b0a102a6098ed4c855ec84d9d7b8.pt-br/tcf.json","_cacheRoot":"/home/matteo/.config/Code/clp/a061b0a102a6098ed4c855ec84d9d7b8.pt-br","_resolvedLanguagePackCoreLocation":"/home/matteo/.config/Code/clp/a061b0a102a6098ed4c855ec84d9d7b8.pt-br/0f0d87fa9e96c856c5212fc86db137ac0d783365","_corruptedFile":"/home/matteo/.config/Code/clp/a061b0a102a6098ed4c855ec84d9d7b8.pt-br/corrupted.info"}
# default
MAKE_HOST := x86_64-pc-linux-gnu
# environment
GTK_PATH = /snap/code/207/usr/lib/x86_64-linux-gnu/gtk-3.0
# environment
GNOME_DESKTOP_SESSION_ID = this-is-deprecated
# makefile
SHELL = /bin/sh
# default
MAKECMDGOALS := all
# environment
XMODIFIERS = @im=ibus
# environment
GJS_DEBUG_TOPICS = JS ERROR;JS LOG
# environment
SHLVL = 0
# environment
MAKELEVEL := 0
# default
MAKE = $(MAKE_COMMAND)
# environment
SNAP_COOKIE = dgBCiTborUXc8bMlGX6m74iXZhJKhfgeaPdWX6XFyazoHcRypY4h
# environment
PATH = /usr/local/sbin:/usr/local/bin:/usr/sbin:/usr/bin:/sbin:/bin:/usr/games:/usr/local/games:/snap/bin:/snap/bin
# default
MAKEFILES := 
# automatic
^F = $(notdir $^)
# environment
SNAP_USER_COMMON = /home/matteo/snap/code/common
# environment
CLUTTER_DISABLE_MIPMAPPED_TEXT = 1
# environment
SNAP = /snap/code/207
# environment
INVOCATION_ID = e5cb557fa7a4445abadf91643b294568
# environment
SNAP_REVISION = 207
# environment
SNAP_REAL_HOME = /home/matteo
# environment
FONTCONFIG_FILE = /etc/fonts/fonts.conf
# environment
USERNAME = matteo
# environment
LESSCLOSE = /usr/bin/lesspipe %s %s
# automatic
?F = $(notdir $?)
# environment
GTK_IM_MODULE_FILE = /home/matteo/snap/code/common/.cache/immodules/immodules.cache
# environment
XDG_CURRENT_DESKTOP = Unity
# automatic
+F = $(notdir $+)
# environment
 
DESKTOP_SESSION = ubuntu
# environment
ORIGINAL_XDG_CURRENT_DESKTOP = ubuntu:GNOME
# environment
LOCPATH = /snap/code/207/usr/lib/locale
# makefile (from 'Makefile', line 17)
OBJECTS = $(patsubst $(SRCDIR)/*.c, $(OBJDIR)/%.o, $(SOURCES))
# 'override' directive
GNUMAKEFLAGS := 
# environment
XDG_DATA_DIRS_VSCODE_SNAP_ORIG = /usr/share/ubuntu:/usr/share/gnome:/usr/local/share/:/usr/share/:/var/lib/snapd/desktop
# environment
LOGNAME = matteo
# environment
GIO_LAUNCHED_DESKTOP_FILE = /var/lib/snapd/desktop/applications/code_code.desktop
# environment
SNAP_ARCH = amd64
# makefile
.DEFAULT_GOAL := all
# environment
SYSTEMD_EXEC_PID = 3068
# environment
DISPLAY = :1
# environment
USER = matteo
# environment
GTK_MODULES = gail:atk-bridge
# default
MAKE_VERSION := 4.3
# environment
SNAP_DATA = /var/snap/code/207
# environment
SNAP_CONTEXT = dgBCiTborUXc8bMlGX6m74iXZhJKhfgeaPdWX6XFyazoHcRypY4h
# makefile (from 'Makefile', line 6)
LDFLAGS = -lm -lpthread
# environment
MANAGERPID = 2598
# environment
DEBUGINFOD_URLS = https://debuginfod.ubuntu.com 
# environment
GIO_LAUNCHED_DESKTOP_FILE_PID = 9175
# environment
_ = /snap/code/207/usr/share/code/code
# environment
XDG_RUNTIME_DIR = /run/user/1000
# makefile (from 'Makefile', line 5)
CFLAGS = -Wall -Wextra -g -std=c17 -Iinclude
# environment
GPG_AGENT_INFO = /run/user/1000/gnupg/S.gpg-agent:0:1
# environment
SNAP_UID = 1000
# environment
XDG_CONFIG_DIRS_VSCODE_SNAP_ORIG = /etc/xdg/xdg-ubuntu:/etc/xdg
# environment
GDK_PIXBUF_MODULE_FILE = /home/matteo/snap/code/common/.cache/gdk-pixbuf-loaders.cache
# environment
GIO_MODULE_DIR = /home/matteo/snap/code/common/.cache/gio-modules
# environment
JOURNAL_STREAM = 9:17872
# environment
XDG_SESSION_CLASS = user
# environment
GSM_SKIP_SSH_AGENT_WORKAROUND = true
# environment
HOME = /home/matteo
# environment
QT_IM_MODULE = ibus
# environment
ELECTRON_RUN_AS_NODE = 1
# environment
VSCODE_IPC_HOOK = /run/user/1000/vscode-73eac038-1.10-main.sock
# environment
GTK_EXE_PREFIX = /snap/code/207/usr
# environment
SNAP_NAME = code
# environment
GSETTINGS_SCHEMA_DIR = /home/matteo/snap/code/207/.local/share/glib-2.0/schemas
# makefile (from 'Makefile', line 9)
SRCDIR = src
# default
.RECIPEPREFIX := 
# automatic
<F = $(notdir $<)
# environment
SNAP_VERSION = 0f0d87fa
# default
SUFFIXES := 
# makefile (from 'Makefile', line 13)
TARGET = main
# environment
VSCODE_CLI = 1
# environment
ELECTRON_NO_ATTACH_CONSOLE = 1
# environment
SNAP_COMMON = /var/snap/code/common
# default
.FEATURES := target-specific order-only second-expansion else-if shortest-stem undefine oneshell nocomment grouped-target extra-prereqs archives jobserver output-sync check-symlink load
# makefile (from 'Makefile', line 4)
CC = gcc
# makefile (from 'Makefile', line 16)
SOURCES = $(wildcard $(SRCDIR)/*.c)
# environment
SNAP_USER_DATA = /home/matteo/snap/code/207
# environment
XDG_MENU_PREFIX = gnome-
# environment
VSCODE_ESM_ENTRYPOINT = vs/workbench/api/node/extensionHostProcess
# environment
GDMSESSION = ubuntu
# environment
SNAP_LIBRARY_PATH = /var/lib/snapd/lib/gl:/var/lib/snapd/lib/gl32:/var/lib/snapd/void
# variable set hash-table stats:
# Load=136/1024=13%, Rehash=0, Collisions=5/188=3%

# Pattern-specific Variable Values

# No pattern-specific variable values.

# Directories

# src (device 66309, inode 5138712): 5 files, no impossibilities.
# . (device 66309, inode 5138689): 8 files, no impossibilities.

# 13 files, no impossibilities in 2 directories.

# Implicit Rules

obj/%.o: src/%.c
#  recipe to execute (from 'Makefile', line 34):
	@mkdir -p $(OBJDIR)
	$(CC) $(CFLAGS) -c $< -o $@

# 1 implicit rules, 0 (0.0%) terminal.
# Files

# Not a target:
Makefile:
#  Implicit rule search has been done.
#  Last modified 2025-09-14 16:23:34
#  File has been updated.
#  Successfully updated.

# Not a target:
src/matrix.c:
#  Implicit rule search has been done.
#  Last modified 2025-08-27 16:10:08
#  File has been updated.
#  Successfully updated.

clean:
#  Phony target (prerequisite of .PHONY).
#  Implicit rule search has not been done.
#  File does not exist.
#  File has not been updated.
#  recipe to execute (from 'Makefile', line 41):
	@echo "Limpando arquivos compilados..."
	rm -rf $(OBJDIR) $(TARGET)

# Not a target:
src/main.c:
#  Implicit rule search has been done.
#  Last modified 2025-09-17 19:47:41.209786619
#  File has been updated.
#  Successfully updated.

# Not a target:
src/robot.c:
#  Implicit rule search has been done.
#  Last modified 2025-09-17 19:46:31.111702693
#  File has been updated.
#  Successfully updated.

# Not a target:
.DEFAULT:
#  Implicit rule search has not been done.
#  Modification time never checked.
#  File has not been updated.

all: main
#  Phony target (prerequisite of .PHONY).
#  Command line target.
 
#  Implicit rule search has not been done.
#  File does not exist.
#  File has been updated.
#  Needs to be updated (-q is set).
# variable set hash-table stats:
# Load=0/32=0%, Rehash=0, Collisions=0/13=0%

run: all
#  Phony target (prerequisite of .PHONY).
#  Implicit rule search has not been done.
#  File does not exist.
#  File has not been updated.
#  recipe to execute (from 'Makefile', line 45):
	./$(TARGET)

main: src/main.c src/matrix.c src/robot.c
#  Implicit rule search has not been done.
#  Implicit/static pattern stem: ''
#  File does not exist.
#  File has been updated.
#  Needs to be updated (-q is set).
# automatic
# @ := main
# automatic
# * := 
# automatic
# < := src/main.c
# automatic
# + := src/main.c src/matrix.c src/robot.c
# automatic
# % := 
# automatic
# ^ := src/main.c src/matrix.c src/robot.c
# automatic
# ? := src/main.c src/matrix.c src/robot.c
# automatic
# | := 
# variable set hash-table stats:
# Load=8/32=25%, Rehash=0, Collisions=3/21=14%
#  recipe to execute (from 'Makefile', line 28):
	$(CC) $(CFLAGS) $(OBJECTS) -o $(TARGET) $(LDFLAGS)
	@echo "Compilação finalizada! Para executar: ./$(TARGET)"

# Not a target:
.SUFFIXES:
#  Implicit rule search has not been done.
#  Modification time never checked.
#  File has not been updated.

.PHONY: all clean run
#  Implicit rule search has not been done.
#  Modification time never checked.
#  File has not been updated.

# files hash-table stats:
# Load=11/1024=1%, Rehash=0, Collisions=0/32=0%
# VPATH Search Paths

# No 'vpath' search paths.

# No general ('VPATH' variable) search path.

# strcache buffers: 1 (0) / strings = 25 / storage = 200 B / avg = 8 B
# current buf: size = 8162 B / used = 200 B / count = 25 / avg = 8 B

# strcache performance: lookups = 44 / hit rate = 43%
# hash-table stats:
# Load=25/8192=0%, Rehash=0, Collisions=0/44=0%
# Finished Make data base on Thu Sep 25 10:22:58 2025

 
